<?xml version="1.0" encoding="UTF-8"?>
<!-- Generated by org.testng.reporters.JUnitXMLReporter -->
<testsuite hostname="Toxich-PC" name="Default test" tests="5" failures="0" timestamp="16 Jul 2017 16:39:17 GMT" time="0.714" errors="0">
  <testcase name="userExistButIncorrectLogin" time="0.072" classname="test.java.TestSignIn"/>
  <testcase name="userExistButIncorrectPassword" time="0.017" classname="test.java.TestSignIn"/>
  <testcase name="userExistCorrectData" time="0.011" classname="test.java.TestSignIn"/>
  <testcase name="userExistEmptyString" time="0.003" classname="test.java.TestSignIn"/>
  <testcase name="userIsNotExist" time="0.008" classname="test.java.TestSignIn"/>
</testsuite> <!-- Default test -->
