<?xml version="1.0" encoding="UTF-8"?>
<!-- Generated by org.testng.reporters.JUnitXMLReporter -->
<testsuite hostname="Toxich-PC" name="Default test" tests="6" failures="0" timestamp="16 Jul 2017 21:09:03 GMT" time="0.707" errors="0">
  <testcase name="EmptyLoginNoUserInSystem" time="0.063" classname="test.java.TstSignOut"/>
  <testcase name="EmptyLoginUserInSystem" time="0.003" classname="test.java.TstSignOut"/>
  <testcase name="clearDataUserInSystem" time="0.02" classname="test.java.TstSignOut"/>
  <testcase name="noUserInSystem" time="0.003" classname="test.java.TstSignOut"/>
  <testcase name="userExistButAlreadyOUT" time="0.002" classname="test.java.TstSignOut"/>
  <testcase name="userAlreadySignOut" time="0.009" classname="test.java.TstSignOut"/>
</testsuite> <!-- Default test -->
