<?xml version="1.0" encoding="UTF-8"?>
<testng-results skipped="0" failed="0" ignored="0" total="1" passed="1">
  <reporter-output>
  </reporter-output>
  <suite name="Default suite" duration-ms="2137" started-at="2017-07-14T17:02:09Z" finished-at="2017-07-14T17:02:11Z">
    <groups>
    </groups>
    <test name="Default test" duration-ms="2137" started-at="2017-07-14T17:02:09Z" finished-at="2017-07-14T17:02:11Z">
      <class name="test.java.TestSignIn">
        <test-method status="PASS" signature="beforeTest()[pri:0, instance:test.java.TestSignIn@4de8b406]" name="beforeTest" is-config="true" duration-ms="930" started-at="2017-07-14T20:02:09Z" finished-at="2017-07-14T20:02:10Z">
          <reporter-output>
          </reporter-output>
        </test-method> <!-- beforeTest -->
        <test-method status="PASS" signature="userExistCorrectData(java.lang.String, java.lang.String)[pri:0, instance:test.java.TestSignIn@4de8b406]" name="userExistCorrectData" duration-ms="132" started-at="2017-07-14T20:02:10Z" data-provider="dp1" finished-at="2017-07-14T20:02:10Z">
          <params>
            <param index="0">
              <value>
                <![CDATA[command=sign_in&login=Anton&password=password4]]>
              </value>
            </param>
            <param index="1">
              <value>
                <![CDATA[Welcom!]]>
              </value>
            </param>
          </params>
          <reporter-output>
          </reporter-output>
        </test-method> <!-- userExistCorrectData -->
        <test-method status="PASS" signature="afterTest()[pri:0, instance:test.java.TestSignIn@4de8b406]" name="afterTest" is-config="true" duration-ms="1042" started-at="2017-07-14T20:02:10Z" finished-at="2017-07-14T20:02:11Z">
          <reporter-output>
          </reporter-output>
        </test-method> <!-- afterTest -->
      </class> <!-- test.java.TestSignIn -->
    </test> <!-- Default test -->
  </suite> <!-- Default suite -->
</testng-results>
